<?xml version="1.0" encoding="UTF-8"?>
<!-- Generated by org.testng.reporters.JUnitXMLReporter -->
<testsuite ignored="0" hostname="LAPTOP-Q5PNCHB6" failures="0" tests="7" name="Surefire test" time="28.01" errors="0" timestamp="2021-08-18T01:04:35 IST">
  <testcase classname="com.TestCases.TestCase" name="CustomerType_Senior_Citizen" time="0.39"/>
  <testcase classname="com.TestCases.TestCase" name="FixedDeposite_Monthly_Payout" time="0.275"/>
  <testcase classname="com.TestCases.TestCase" name="Amount" time="0.198"/>
  <testcase classname="com.TestCases.TestCase" name="ClickAnyWhereOnScreen" time="0.107"/>
  <testcase classname="com.TestCases.TestCase" name="PrintRateofInterest" time="0.504"/>
  <testcase classname="com.TestCases.TestCase" name="Takescreenshot" time="3.182"/>
  <testcase classname="com.TestCases.TestCase" name="CloseBrowser" time="4.294"/>
</testsuite> <!-- Surefire test -->
