<?xml version="1.0" encoding="UTF-8"?>
<!-- Generated by org.testng.reporters.JUnitXMLReporter -->
<testsuite ignored="0" hostname="LAPTOP-Q5PNCHB6" failures="0" tests="7" name="Surefire test" time="24.992" errors="0" timestamp="2021-08-18T00:11:36 IST">
  <testcase classname="com.TestCases.TestCase" name="CustomerType_Senior_Citizen" time="0.22"/>
  <testcase classname="com.TestCases.TestCase" name="FixedDeposite_Monthly_Payout" time="0.215"/>
  <testcase classname="com.TestCases.TestCase" name="Amount" time="0.144"/>
  <testcase classname="com.TestCases.TestCase" name="ClickAnyWhereOnScreen" time="0.076"/>
  <testcase classname="com.TestCases.TestCase" name="PrintRateofInterest" time="0.263"/>
  <testcase classname="com.TestCases.TestCase" name="Takescreenshot" time="3.19"/>
  <testcase classname="com.TestCases.TestCase" name="CloseBrowser" time="4.158"/>
</testsuite> <!-- Surefire test -->
