<?xml version="1.0" encoding="UTF-8"?>
<!-- Generated by org.testng.reporters.JUnitXMLReporter -->
<testsuite ignored="0" hostname="LAPTOP-Q5PNCHB6" failures="0" tests="7" name="Default test" time="15.325" errors="0" timestamp="2021-08-16T23:02:52 IST">
  <testcase classname="com.TestCases.TestCase" name="CustomerType_Senior_Citizen" time="0.27"/>
  <testcase classname="com.TestCases.TestCase" name="FixedDeposite_Monthly_Payout" time="0.273"/>
  <testcase classname="com.TestCases.TestCase" name="Amount" time="0.291"/>
  <testcase classname="com.TestCases.TestCase" name="ClickAnyWhereOnScreen" time="0.16"/>
  <testcase classname="com.TestCases.TestCase" name="PrintRateofInterest" time="0.415"/>
  <testcase classname="com.TestCases.TestCase" name="Takescreenshot" time="3.269"/>
  <testcase classname="com.TestCases.TestCase" name="CloseBrowser" time="0.166"/>
</testsuite> <!-- Default test -->
