<?xml version="1.0" encoding="UTF-8"?>
<testsuite xmlns:xsi="http://www.w3.org/2001/XMLSchema-instance" xsi:noNamespaceSchemaLocation="https://maven.apache.org/surefire/maven-surefire-plugin/xsd/surefire-test-report.xsd" name="TestSuite" time="28.342" tests="7" errors="0" skipped="0" failures="0">
  <properties>
[...]
</properties>
  <testcase name="CustomerType_Senior_Citizen" classname="com.TestCases.TestCase" time="0.392"/>
  <testcase name="FixedDeposite_Monthly_Payout" classname="com.TestCases.TestCase" time="0.275"/>
  <testcase name="Amount" classname="com.TestCases.TestCase" time="0.199"/>
  <testcase name="ClickAnyWhereOnScreen" classname="com.TestCases.TestCase" time="0.106"/>
  <testcase name="PrintRateofInterest" classname="com.TestCases.TestCase" time="0.504"/>
  <testcase name="Takescreenshot" classname="com.TestCases.TestCase" time="3.182"/>
  <testcase name="CloseBrowser" classname="com.TestCases.TestCase" time="4.295"/>
</testsuite>