<?xml version="1.0" encoding="UTF-8"?>
<testng-results ignored="0" total="7" passed="7" failed="0" skipped="0">
  <reporter-output>
  </reporter-output>
  <suite started-at="2021-08-18T00:11:11 IST" name="Surefire suite" finished-at="2021-08-18T00:11:36 IST" duration-ms="24992">
    <groups>
    </groups>
    <test started-at="2021-08-18T00:11:11 IST" name="Surefire test" finished-at="2021-08-18T00:11:36 IST" duration-ms="24992">
      <class name="com.TestCases.TestCase">
        <test-method is-config="true" signature="launchBrowser()[pri:0, instance:com.TestCases.TestCase@57175e74]" started-at="2021-08-18T00:11:11 IST" name="launchBrowser" finished-at="2021-08-18T00:11:28 IST" duration-ms="16697" status="PASS">
          <reporter-output>
          </reporter-output>
        </test-method> <!-- launchBrowser -->
        <test-method signature="CustomerType_Senior_Citizen()[pri:0, instance:com.TestCases.TestCase@57175e74]" started-at="2021-08-18T00:11:28 IST" name="CustomerType_Senior_Citizen" finished-at="2021-08-18T00:11:28 IST" duration-ms="220" status="PASS">
          <reporter-output>
          </reporter-output>
        </test-method> <!-- CustomerType_Senior_Citizen -->
        <test-method signature="FixedDeposite_Monthly_Payout()[pri:1, instance:com.TestCases.TestCase@57175e74]" started-at="2021-08-18T00:11:28 IST" name="FixedDeposite_Monthly_Payout" finished-at="2021-08-18T00:11:28 IST" duration-ms="215" status="PASS">
          <reporter-output>
          </reporter-output>
        </test-method> <!-- FixedDeposite_Monthly_Payout -->
        <test-method signature="Amount()[pri:2, instance:com.TestCases.TestCase@57175e74]" started-at="2021-08-18T00:11:28 IST" name="Amount" finished-at="2021-08-18T00:11:29 IST" duration-ms="144" status="PASS">
          <reporter-output>
          </reporter-output>
        </test-method> <!-- Amount -->
        <test-method signature="ClickAnyWhereOnScreen()[pri:3, instance:com.TestCases.TestCase@57175e74]" started-at="2021-08-18T00:11:29 IST" name="ClickAnyWhereOnScreen" finished-at="2021-08-18T00:11:29 IST" duration-ms="76" status="PASS">
          <reporter-output>
          </reporter-output>
        </test-method> <!-- ClickAnyWhereOnScreen -->
        <test-method signature="PrintRateofInterest()[pri:4, instance:com.TestCases.TestCase@57175e74]" started-at="2021-08-18T00:11:29 IST" name="PrintRateofInterest" finished-at="2021-08-18T00:11:29 IST" duration-ms="263" status="PASS">
          <reporter-output>
          </reporter-output>
        </test-method> <!-- PrintRateofInterest -->
        <test-method signature="Takescreenshot()[pri:5, instance:com.TestCases.TestCase@57175e74]" started-at="2021-08-18T00:11:29 IST" name="Takescreenshot" finished-at="2021-08-18T00:11:32 IST" duration-ms="3190" status="PASS">
          <reporter-output>
          </reporter-output>
        </test-method> <!-- Takescreenshot -->
        <test-method signature="CloseBrowser()[pri:6, instance:com.TestCases.TestCase@57175e74]" started-at="2021-08-18T00:11:32 IST" name="CloseBrowser" finished-at="2021-08-18T00:11:36 IST" duration-ms="4158" status="PASS">
          <reporter-output>
          </reporter-output>
        </test-method> <!-- CloseBrowser -->
      </class> <!-- com.TestCases.TestCase -->
    </test> <!-- Surefire test -->
  </suite> <!-- Surefire suite -->
</testng-results>
