<?xml version="1.0" encoding="UTF-8"?>
<testng-results ignored="0" total="7" passed="7" failed="0" skipped="0">
  <reporter-output>
  </reporter-output>
  <suite started-at="2021-08-18T01:04:07 IST" name="Surefire suite" finished-at="2021-08-18T01:04:35 IST" duration-ms="28010">
    <groups>
    </groups>
    <test started-at="2021-08-18T01:04:07 IST" name="Surefire test" finished-at="2021-08-18T01:04:35 IST" duration-ms="28010">
      <class name="com.TestCases.TestCase">
        <test-method is-config="true" signature="launchBrowser()[pri:0, instance:com.TestCases.TestCase@4206a205]" started-at="2021-08-18T01:04:07 IST" name="launchBrowser" finished-at="2021-08-18T01:04:26 IST" duration-ms="19015" status="PASS">
          <reporter-output>
          </reporter-output>
        </test-method> <!-- launchBrowser -->
        <test-method signature="CustomerType_Senior_Citizen()[pri:0, instance:com.TestCases.TestCase@4206a205]" started-at="2021-08-18T01:04:26 IST" name="CustomerType_Senior_Citizen" finished-at="2021-08-18T01:04:26 IST" duration-ms="390" status="PASS">
          <reporter-output>
          </reporter-output>
        </test-method> <!-- CustomerType_Senior_Citizen -->
        <test-method signature="FixedDeposite_Monthly_Payout()[pri:1, instance:com.TestCases.TestCase@4206a205]" started-at="2021-08-18T01:04:26 IST" name="FixedDeposite_Monthly_Payout" finished-at="2021-08-18T01:04:27 IST" duration-ms="275" status="PASS">
          <reporter-output>
          </reporter-output>
        </test-method> <!-- FixedDeposite_Monthly_Payout -->
        <test-method signature="Amount()[pri:2, instance:com.TestCases.TestCase@4206a205]" started-at="2021-08-18T01:04:27 IST" name="Amount" finished-at="2021-08-18T01:04:27 IST" duration-ms="198" status="PASS">
          <reporter-output>
          </reporter-output>
        </test-method> <!-- Amount -->
        <test-method signature="ClickAnyWhereOnScreen()[pri:3, instance:com.TestCases.TestCase@4206a205]" started-at="2021-08-18T01:04:27 IST" name="ClickAnyWhereOnScreen" finished-at="2021-08-18T01:04:27 IST" duration-ms="107" status="PASS">
          <reporter-output>
          </reporter-output>
        </test-method> <!-- ClickAnyWhereOnScreen -->
        <test-method signature="PrintRateofInterest()[pri:4, instance:com.TestCases.TestCase@4206a205]" started-at="2021-08-18T01:04:27 IST" name="PrintRateofInterest" finished-at="2021-08-18T01:04:28 IST" duration-ms="504" status="PASS">
          <reporter-output>
          </reporter-output>
        </test-method> <!-- PrintRateofInterest -->
        <test-method signature="Takescreenshot()[pri:5, instance:com.TestCases.TestCase@4206a205]" started-at="2021-08-18T01:04:28 IST" name="Takescreenshot" finished-at="2021-08-18T01:04:31 IST" duration-ms="3182" status="PASS">
          <reporter-output>
          </reporter-output>
        </test-method> <!-- Takescreenshot -->
        <test-method signature="CloseBrowser()[pri:6, instance:com.TestCases.TestCase@4206a205]" started-at="2021-08-18T01:04:31 IST" name="CloseBrowser" finished-at="2021-08-18T01:04:35 IST" duration-ms="4294" status="PASS">
          <reporter-output>
          </reporter-output>
        </test-method> <!-- CloseBrowser -->
      </class> <!-- com.TestCases.TestCase -->
    </test> <!-- Surefire test -->
  </suite> <!-- Surefire suite -->
</testng-results>
